<?xml version="1.0" encoding="UTF-8"?>
<testsuite name="ingresar a la página de Utest.com y proceder a dar clic" tests="1" skipped="1" failures="0" errors="0" timestamp="2022-08-26T14:12:42" hostname="PC-JOHN" time="36.04">
  <properties/>
  <testcase name="Crear un nuevo usuario" classname="ingresar a la página de Utest.com y proceder a dar clic" time="36.04">
    <skipped/>
  </testcase>
  <system-out><![CDATA[]]></system-out>
  <system-err><![CDATA[[Test worker] WARN net.thucydides.core.steps.BaseStepListener - stepStarted: net.thucydides.core.steps.ExecutedStepDescription@44120
[Test worker] WARN net.thucydides.core.steps.BaseStepListener - stepStarted: net.thucydides.core.steps.ExecutedStepDescription@14d25e7
[Test worker] WARN net.thucydides.core.steps.BaseStepListener - stepStarted: net.thucydides.core.steps.ExecutedStepDescription@e08d59
ago 26, 2022 9:12:42 AM org.openqa.selenium.remote.DesiredCapabilities chrome
INFORMACIÓN: Using `new ChromeOptions()` is preferred to `DesiredCapabilities.chrome()`
[Test worker] INFO net.serenitybdd.core.webdriver.driverproviders.ProvideNewDriver - Instantiating driver
[Test worker] INFO net.serenitybdd.core.webdriver.driverproviders.ProvideNewDriver - Driver capabilities: Capabilities {acceptInsecureCerts: false, browserName: chrome, chrome.switches: --start-maximized, goog:chromeOptions: {args: [--start-maximized], extensions: []}, loggingPrefs: org.openqa.selenium.logging..., platform: ANY, version: }
Starting ChromeDriver 104.0.5112.79 (3cf3e8c8a07d104b9e1260c910efb8f383285dc5-refs/branch-heads/5112@{#1307}) on port 3578
Only local connections are allowed.
Please see https://chromedriver.chromium.org/security-considerations for suggestions on keeping ChromeDriver safe.
ChromeDriver was started successfully.
ago 26, 2022 9:12:44 AM org.openqa.selenium.remote.ProtocolHandshake createSession
INFORMACIÓN: Detected dialect: W3C
[Test worker] WARN net.thucydides.core.steps.BaseStepListener - stepFinished: current outcome:Crear un nuevo usuario:Dado que queremos acceder a la pagina [John open up [John opens the Choucair test]]
[Test worker] WARN net.thucydides.core.steps.BaseStepListener - stepFinished: current outcome:Crear un nuevo usuario:Dado que queremos acceder a la pagina [John open up [John opens the Choucair test]]
[Test worker] WARN net.thucydides.core.steps.BaseStepListener - stepStarted: net.thucydides.core.steps.ExecutedStepDescription@1fa769c
[Test worker] WARN net.thucydides.core.steps.BaseStepListener - stepStarted: net.thucydides.core.steps.ExecutedStepDescription@50e90c
[Test worker] WARN net.thucydides.core.steps.BaseStepListener - stepFinished: current outcome:Crear un nuevo usuario:Dado que queremos acceder a la pagina [John open up [John opens the Choucair test], John login [John clicks on Selecciona el boton Join Today]]
[Test worker] WARN net.thucydides.core.steps.BaseStepListener - stepFinished: current outcome:Crear un nuevo usuario:Dado que queremos acceder a la pagina [John open up [John opens the Choucair test], John login [John clicks on Selecciona el boton Join Today]]
[Test worker] WARN net.thucydides.core.steps.BaseStepListener - stepFinished: current outcome:Crear un nuevo usuario:Dado que queremos acceder a la pagina [John open up [John opens the Choucair test], John login [John clicks on Selecciona el boton Join Today]]
[Test worker] WARN net.thucydides.core.steps.BaseStepListener - stepStarted: net.thucydides.core.steps.ExecutedStepDescription@bbb9c4
[Test worker] WARN net.thucydides.core.steps.BaseStepListener - stepStarted: net.thucydides.core.steps.ExecutedStepDescription@1ae0d43
[Test worker] WARN net.thucydides.core.steps.BaseStepListener - stepStarted: net.thucydides.core.steps.ExecutedStepDescription@12ac7e6
[Test worker] WARN net.thucydides.core.steps.BaseStepListener - stepFinished: current outcome:Crear un nuevo usuario:Dado que queremos acceder a la pagina [John open up [John opens the Choucair test], John login [John clicks on Selecciona el boton Join Today]], Cuando presionamos el boton registrar [John ingresar info [John enters 'John' into Selecciona el campo Name, para iniciar]]
[Test worker] WARN net.thucydides.core.steps.BaseStepListener - stepStarted: net.thucydides.core.steps.ExecutedStepDescription@af7902
[Test worker] WARN net.thucydides.core.steps.BaseStepListener - stepFinished: current outcome:Crear un nuevo usuario:Dado que queremos acceder a la pagina [John open up [John opens the Choucair test], John login [John clicks on Selecciona el boton Join Today]], Cuando presionamos el boton registrar [John ingresar info [John enters 'John' into Selecciona el campo Name, para iniciar, John enters 'Sanchez' into Selecciona el campo Last Name]]
[Test worker] WARN net.thucydides.core.steps.BaseStepListener - stepStarted: net.thucydides.core.steps.ExecutedStepDescription@12a438
[Test worker] WARN net.thucydides.core.steps.BaseStepListener - stepFinished: current outcome:Crear un nuevo usuario:Dado que queremos acceder a la pagina [John open up [John opens the Choucair test], John login [John clicks on Selecciona el boton Join Today]], Cuando presionamos el boton registrar [John ingresar info [John enters 'John' into Selecciona el campo Name, para iniciar, John enters 'Sanchez' into Selecciona el campo Last Name, John enters 'ejemplo2022@hotmail.com' into Selecciona el campo Email]]
[Test worker] WARN net.thucydides.core.steps.BaseStepListener - stepStarted: net.thucydides.core.steps.ExecutedStepDescription@fb0c33
[Test worker] WARN net.thucydides.core.steps.BaseStepListener - stepFinished: current outcome:Crear un nuevo usuario:Dado que queremos acceder a la pagina [John open up [John opens the Choucair test], John login [John clicks on Selecciona el boton Join Today]], Cuando presionamos el boton registrar [John ingresar info [John enters 'John' into Selecciona el campo Name, para iniciar, John enters 'Sanchez' into Selecciona el campo Last Name, John enters 'ejemplo2022@hotmail.com' into Selecciona el campo Email, John selects December]]
[Test worker] WARN net.thucydides.core.steps.BaseStepListener - stepStarted: net.thucydides.core.steps.ExecutedStepDescription@1f03c23
[Test worker] WARN net.thucydides.core.steps.BaseStepListener - stepFinished: current outcome:Crear un nuevo usuario:Dado que queremos acceder a la pagina [John open up [John opens the Choucair test], John login [John clicks on Selecciona el boton Join Today]], Cuando presionamos el boton registrar [John ingresar info [John enters 'John' into Selecciona el campo Name, para iniciar, John enters 'Sanchez' into Selecciona el campo Last Name, John enters 'ejemplo2022@hotmail.com' into Selecciona el campo Email, John selects December, John selects 5]]
[Test worker] WARN net.thucydides.core.steps.BaseStepListener - stepStarted: net.thucydides.core.steps.ExecutedStepDescription@9a7575
[Test worker] WARN net.thucydides.core.steps.BaseStepListener - stepFinished: current outcome:Crear un nuevo usuario:Dado que queremos acceder a la pagina [John open up [John opens the Choucair test], John login [John clicks on Selecciona el boton Join Today]], Cuando presionamos el boton registrar [John ingresar info [John enters 'John' into Selecciona el campo Name, para iniciar, John enters 'Sanchez' into Selecciona el campo Last Name, John enters 'ejemplo2022@hotmail.com' into Selecciona el campo Email, John selects December, John selects 5, John selects 1984]]
[Test worker] WARN net.thucydides.core.steps.BaseStepListener - stepStarted: net.thucydides.core.steps.ExecutedStepDescription@5ae15
[Test worker] WARN net.thucydides.core.steps.BaseStepListener - stepFinished: current outcome:Crear un nuevo usuario:Dado que queremos acceder a la pagina [John open up [John opens the Choucair test], John login [John clicks on Selecciona el boton Join Today]], Cuando presionamos el boton registrar [John ingresar info [John enters 'John' into Selecciona el campo Name, para iniciar, John enters 'Sanchez' into Selecciona el campo Last Name, John enters 'ejemplo2022@hotmail.com' into Selecciona el campo Email, John selects December, John selects 5, John selects 1984, John clicks on Selecciona el boton Join Next despues de llenar los primeros datos]]
[Test worker] WARN net.thucydides.core.steps.BaseStepListener - stepFinished: current outcome:Crear un nuevo usuario:Dado que queremos acceder a la pagina [John open up [John opens the Choucair test], John login [John clicks on Selecciona el boton Join Today]], Cuando presionamos el boton registrar [John ingresar info [John enters 'John' into Selecciona el campo Name, para iniciar, John enters 'Sanchez' into Selecciona el campo Last Name, John enters 'ejemplo2022@hotmail.com' into Selecciona el campo Email, John selects December, John selects 5, John selects 1984, John clicks on Selecciona el boton Join Next despues de llenar los primeros datos]]
[Test worker] WARN net.thucydides.core.steps.BaseStepListener - stepStarted: net.thucydides.core.steps.ExecutedStepDescription@9c8063
[Test worker] WARN net.thucydides.core.steps.BaseStepListener - stepStarted: net.thucydides.core.steps.ExecutedStepDescription@15ab2f2
[Test worker] WARN net.thucydides.core.steps.BaseStepListener - stepFinished: current outcome:Crear un nuevo usuario:Dado que queremos acceder a la pagina [John open up [John opens the Choucair test], John login [John clicks on Selecciona el boton Join Today]], Cuando presionamos el boton registrar [John ingresar info [John enters 'John' into Selecciona el campo Name, para iniciar, John enters 'Sanchez' into Selecciona el campo Last Name, John enters 'ejemplo2022@hotmail.com' into Selecciona el campo Email, John selects December, John selects 5, John selects 1984, John clicks on Selecciona el boton Join Next despues de llenar los primeros datos], John ingresar info adress [John enters ' ' into Selecciona el campo City]]
[Test worker] WARN net.thucydides.core.steps.BaseStepListener - stepStarted: net.thucydides.core.steps.ExecutedStepDescription@193bf0a
[Test worker] WARN net.thucydides.core.steps.BaseStepListener - stepFinished: current outcome:Crear un nuevo usuario:Dado que queremos acceder a la pagina [John open up [John opens the Choucair test], John login [John clicks on Selecciona el boton Join Today]], Cuando presionamos el boton registrar [John ingresar info [John enters 'John' into Selecciona el campo Name, para iniciar, John enters 'Sanchez' into Selecciona el campo Last Name, John enters 'ejemplo2022@hotmail.com' into Selecciona el campo Email, John selects December, John selects 5, John selects 1984, John clicks on Selecciona el boton Join Next despues de llenar los primeros datos], John ingresar info adress [John enters ' ' into Selecciona el campo City, John enters 'Oslo' into Selecciona el campo City]]
[Test worker] WARN net.thucydides.core.steps.BaseStepListener - stepStarted: net.thucydides.core.steps.ExecutedStepDescription@628f6a
[Test worker] WARN net.thucydides.core.steps.BaseStepListener - stepFinished: current outcome:Crear un nuevo usuario:Dado que queremos acceder a la pagina [John open up [John opens the Choucair test], John login [John clicks on Selecciona el boton Join Today]], Cuando presionamos el boton registrar [John ingresar info [John enters 'John' into Selecciona el campo Name, para iniciar, John enters 'Sanchez' into Selecciona el campo Last Name, John enters 'ejemplo2022@hotmail.com' into Selecciona el campo Email, John selects December, John selects 5, John selects 1984, John clicks on Selecciona el boton Join Next despues de llenar los primeros datos], John ingresar info adress [John enters ' ' into Selecciona el campo City, John enters 'Oslo' into Selecciona el campo City, John clicks on Selecciona el campo City]]
[Test worker] WARN net.thucydides.core.steps.BaseStepListener - stepStarted: net.thucydides.core.steps.ExecutedStepDescription@14da77b
[Test worker] WARN net.thucydides.core.steps.BaseStepListener - stepFinished: current outcome:Crear un nuevo usuario:Dado que queremos acceder a la pagina [John open up [John opens the Choucair test], John login [John clicks on Selecciona el boton Join Today]], Cuando presionamos el boton registrar [John ingresar info [John enters 'John' into Selecciona el campo Name, para iniciar, John enters 'Sanchez' into Selecciona el campo Last Name, John enters 'ejemplo2022@hotmail.com' into Selecciona el campo Email, John selects December, John selects 5, John selects 1984, John clicks on Selecciona el boton Join Next despues de llenar los primeros datos], John ingresar info adress [John enters ' ' into Selecciona el campo City, John enters 'Oslo' into Selecciona el campo City, John clicks on Selecciona el campo City, John enters '000000' into Selecciona el campo Postal Code]]
[Test worker] WARN net.thucydides.core.steps.BaseStepListener - stepStarted: net.thucydides.core.steps.ExecutedStepDescription@11ec978
[Test worker] WARN net.thucydides.core.steps.BaseStepListener - stepFinished: current outcome:Crear un nuevo usuario:Dado que queremos acceder a la pagina [John open up [John opens the Choucair test], John login [John clicks on Selecciona el boton Join Today]], Cuando presionamos el boton registrar [John ingresar info [John enters 'John' into Selecciona el campo Name, para iniciar, John enters 'Sanchez' into Selecciona el campo Last Name, John enters 'ejemplo2022@hotmail.com' into Selecciona el campo Email, John selects December, John selects 5, John selects 1984, John clicks on Selecciona el boton Join Next despues de llenar los primeros datos], John ingresar info adress [John enters ' ' into Selecciona el campo City, John enters 'Oslo' into Selecciona el campo City, John clicks on Selecciona el campo City, John enters '000000' into Selecciona el campo Postal Code, John clicks on Selecciona el campo Email]]
[Test worker] WARN net.thucydides.core.steps.BaseStepListener - stepStarted: net.thucydides.core.steps.ExecutedStepDescription@1a16adf
[Test worker] WARN net.thucydides.core.steps.BaseStepListener - stepFinished: current outcome:Crear un nuevo usuario:Dado que queremos acceder a la pagina [John open up [John opens the Choucair test], John login [John clicks on Selecciona el boton Join Today]], Cuando presionamos el boton registrar [John ingresar info [John enters 'John' into Selecciona el campo Name, para iniciar, John enters 'Sanchez' into Selecciona el campo Last Name, John enters 'ejemplo2022@hotmail.com' into Selecciona el campo Email, John selects December, John selects 5, John selects 1984, John clicks on Selecciona el boton Join Next despues de llenar los primeros datos], John ingresar info adress [John enters ' ' into Selecciona el campo City, John enters 'Oslo' into Selecciona el campo City, John clicks on Selecciona el campo City, John enters '000000' into Selecciona el campo Postal Code, John clicks on Selecciona el campo Email, John clicks on Selecciona el campo Email]]
[Test worker] WARN net.thucydides.core.steps.BaseStepListener - stepStarted: net.thucydides.core.steps.ExecutedStepDescription@dad04a
[Test worker] WARN net.thucydides.core.steps.BaseStepListener - stepFinished: current outcome:Crear un nuevo usuario:Dado que queremos acceder a la pagina [John open up [John opens the Choucair test], John login [John clicks on Selecciona el boton Join Today]], Cuando presionamos el boton registrar [John ingresar info [John enters 'John' into Selecciona el campo Name, para iniciar, John enters 'Sanchez' into Selecciona el campo Last Name, John enters 'ejemplo2022@hotmail.com' into Selecciona el campo Email, John selects December, John selects 5, John selects 1984, John clicks on Selecciona el boton Join Next despues de llenar los primeros datos], John ingresar info adress [John enters ' ' into Selecciona el campo City, John enters 'Oslo' into Selecciona el campo City, John clicks on Selecciona el campo City, John enters '000000' into Selecciona el campo Postal Code, John clicks on Selecciona el campo Email, John clicks on Selecciona el campo Email, John clicks on Boton que nos muestra el formulario de Login]]
[Test worker] WARN net.thucydides.core.steps.BaseStepListener - stepFinished: current outcome:Crear un nuevo usuario:Dado que queremos acceder a la pagina [John open up [John opens the Choucair test], John login [John clicks on Selecciona el boton Join Today]], Cuando presionamos el boton registrar [John ingresar info [John enters 'John' into Selecciona el campo Name, para iniciar, John enters 'Sanchez' into Selecciona el campo Last Name, John enters 'ejemplo2022@hotmail.com' into Selecciona el campo Email, John selects December, John selects 5, John selects 1984, John clicks on Selecciona el boton Join Next despues de llenar los primeros datos], John ingresar info adress [John enters ' ' into Selecciona el campo City, John enters 'Oslo' into Selecciona el campo City, John clicks on Selecciona el campo City, John enters '000000' into Selecciona el campo Postal Code, John clicks on Selecciona el campo Email, John clicks on Selecciona el campo Email, John clicks on Boton que nos muestra el formulario de Login]]
[Test worker] WARN net.thucydides.core.steps.BaseStepListener - stepStarted: net.thucydides.core.steps.ExecutedStepDescription@b959df
[Test worker] WARN net.thucydides.core.steps.BaseStepListener - stepStarted: net.thucydides.core.steps.ExecutedStepDescription@1054f70
[Test worker] WARN net.thucydides.core.steps.BaseStepListener - stepFinished: current outcome:Crear un nuevo usuario:Dado que queremos acceder a la pagina [John open up [John opens the Choucair test], John login [John clicks on Selecciona el boton Join Today]], Cuando presionamos el boton registrar [John ingresar info [John enters 'John' into Selecciona el campo Name, para iniciar, John enters 'Sanchez' into Selecciona el campo Last Name, John enters 'ejemplo2022@hotmail.com' into Selecciona el campo Email, John selects December, John selects 5, John selects 1984, John clicks on Selecciona el boton Join Next despues de llenar los primeros datos], John ingresar info adress [John enters ' ' into Selecciona el campo City, John enters 'Oslo' into Selecciona el campo City, John clicks on Selecciona el campo City, John enters '000000' into Selecciona el campo Postal Code, John clicks on Selecciona el campo Email, John clicks on Selecciona el campo Email, John clicks on Boton que nos muestra el formulario de Login], John ingresar info devices [John clicks on Selecciona el campo Email]]
[Test worker] WARN net.thucydides.core.steps.BaseStepListener - stepStarted: net.thucydides.core.steps.ExecutedStepDescription@161d75a
[Test worker] WARN net.thucydides.core.steps.BaseStepListener - stepFinished: current outcome:Crear un nuevo usuario:Dado que queremos acceder a la pagina [John open up [John opens the Choucair test], John login [John clicks on Selecciona el boton Join Today]], Cuando presionamos el boton registrar [John ingresar info [John enters 'John' into Selecciona el campo Name, para iniciar, John enters 'Sanchez' into Selecciona el campo Last Name, John enters 'ejemplo2022@hotmail.com' into Selecciona el campo Email, John selects December, John selects 5, John selects 1984, John clicks on Selecciona el boton Join Next despues de llenar los primeros datos], John ingresar info adress [John enters ' ' into Selecciona el campo City, John enters 'Oslo' into Selecciona el campo City, John clicks on Selecciona el campo City, John enters '000000' into Selecciona el campo Postal Code, John clicks on Selecciona el campo Email, John clicks on Selecciona el campo Email, John clicks on Boton que nos muestra el formulario de Login], John ingresar info devices [John clicks on Selecciona el campo Email, John clicks on Selecciona el campo Email]]
[Test worker] WARN net.thucydides.core.steps.BaseStepListener - stepStarted: net.thucydides.core.steps.ExecutedStepDescription@13a1903
[Test worker] WARN net.thucydides.core.steps.BaseStepListener - stepFinished: current outcome:Crear un nuevo usuario:Dado que queremos acceder a la pagina [John open up [John opens the Choucair test], John login [John clicks on Selecciona el boton Join Today]], Cuando presionamos el boton registrar [John ingresar info [John enters 'John' into Selecciona el campo Name, para iniciar, John enters 'Sanchez' into Selecciona el campo Last Name, John enters 'ejemplo2022@hotmail.com' into Selecciona el campo Email, John selects December, John selects 5, John selects 1984, John clicks on Selecciona el boton Join Next despues de llenar los primeros datos], John ingresar info adress [John enters ' ' into Selecciona el campo City, John enters 'Oslo' into Selecciona el campo City, John clicks on Selecciona el campo City, John enters '000000' into Selecciona el campo Postal Code, John clicks on Selecciona el campo Email, John clicks on Selecciona el campo Email, John clicks on Boton que nos muestra el formulario de Login], John ingresar info devices [John clicks on Selecciona el campo Email, John clicks on Selecciona el campo Email, John clicks on Selecciona el campo Email]]
[Test worker] WARN net.thucydides.core.steps.BaseStepListener - stepStarted: net.thucydides.core.steps.ExecutedStepDescription@7cb3a4
[Test worker] WARN net.thucydides.core.steps.BaseStepListener - stepFinished: current outcome:Crear un nuevo usuario:Dado que queremos acceder a la pagina [John open up [John opens the Choucair test], John login [John clicks on Selecciona el boton Join Today]], Cuando presionamos el boton registrar [John ingresar info [John enters 'John' into Selecciona el campo Name, para iniciar, John enters 'Sanchez' into Selecciona el campo Last Name, John enters 'ejemplo2022@hotmail.com' into Selecciona el campo Email, John selects December, John selects 5, John selects 1984, John clicks on Selecciona el boton Join Next despues de llenar los primeros datos], John ingresar info adress [John enters ' ' into Selecciona el campo City, John enters 'Oslo' into Selecciona el campo City, John clicks on Selecciona el campo City, John enters '000000' into Selecciona el campo Postal Code, John clicks on Selecciona el campo Email, John clicks on Selecciona el campo Email, John clicks on Boton que nos muestra el formulario de Login], John ingresar info devices [John clicks on Selecciona el campo Email, John clicks on Selecciona el campo Email, John clicks on Selecciona el campo Email, John clicks on Selecciona el campo Email]]
[Test worker] WARN net.thucydides.core.steps.BaseStepListener - stepStarted: net.thucydides.core.steps.ExecutedStepDescription@1c78080
[Test worker] WARN net.thucydides.core.steps.BaseStepListener - stepFinished: current outcome:Crear un nuevo usuario:Dado que queremos acceder a la pagina [John open up [John opens the Choucair test], John login [John clicks on Selecciona el boton Join Today]], Cuando presionamos el boton registrar [John ingresar info [John enters 'John' into Selecciona el campo Name, para iniciar, John enters 'Sanchez' into Selecciona el campo Last Name, John enters 'ejemplo2022@hotmail.com' into Selecciona el campo Email, John selects December, John selects 5, John selects 1984, John clicks on Selecciona el boton Join Next despues de llenar los primeros datos], John ingresar info adress [John enters ' ' into Selecciona el campo City, John enters 'Oslo' into Selecciona el campo City, John clicks on Selecciona el campo City, John enters '000000' into Selecciona el campo Postal Code, John clicks on Selecciona el campo Email, John clicks on Selecciona el campo Email, John clicks on Boton que nos muestra el formulario de Login], John ingresar info devices [John clicks on Selecciona el campo Email, John clicks on Selecciona el campo Email, John clicks on Selecciona el campo Email, John clicks on Selecciona el campo Email, John clicks on Selecciona el campo Email]]
[Test worker] WARN net.thucydides.core.steps.BaseStepListener - stepStarted: net.thucydides.core.steps.ExecutedStepDescription@557746
[Test worker] WARN net.thucydides.core.steps.BaseStepListener - stepFinished: current outcome:Crear un nuevo usuario:Dado que queremos acceder a la pagina [John open up [John opens the Choucair test], John login [John clicks on Selecciona el boton Join Today]], Cuando presionamos el boton registrar [John ingresar info [John enters 'John' into Selecciona el campo Name, para iniciar, John enters 'Sanchez' into Selecciona el campo Last Name, John enters 'ejemplo2022@hotmail.com' into Selecciona el campo Email, John selects December, John selects 5, John selects 1984, John clicks on Selecciona el boton Join Next despues de llenar los primeros datos], John ingresar info adress [John enters ' ' into Selecciona el campo City, John enters 'Oslo' into Selecciona el campo City, John clicks on Selecciona el campo City, John enters '000000' into Selecciona el campo Postal Code, John clicks on Selecciona el campo Email, John clicks on Selecciona el campo Email, John clicks on Boton que nos muestra el formulario de Login], John ingresar info devices [John clicks on Selecciona el campo Email, John clicks on Selecciona el campo Email, John clicks on Selecciona el campo Email, John clicks on Selecciona el campo Email, John clicks on Selecciona el campo Email, John clicks on Selecciona el campo Email]]
[Test worker] WARN net.thucydides.core.steps.BaseStepListener - stepStarted: net.thucydides.core.steps.ExecutedStepDescription@12c4a8b
[Test worker] WARN net.thucydides.core.steps.BaseStepListener - stepFinished: current outcome:Crear un nuevo usuario:Dado que queremos acceder a la pagina [John open up [John opens the Choucair test], John login [John clicks on Selecciona el boton Join Today]], Cuando presionamos el boton registrar [John ingresar info [John enters 'John' into Selecciona el campo Name, para iniciar, John enters 'Sanchez' into Selecciona el campo Last Name, John enters 'ejemplo2022@hotmail.com' into Selecciona el campo Email, John selects December, John selects 5, John selects 1984, John clicks on Selecciona el boton Join Next despues de llenar los primeros datos], John ingresar info adress [John enters ' ' into Selecciona el campo City, John enters 'Oslo' into Selecciona el campo City, John clicks on Selecciona el campo City, John enters '000000' into Selecciona el campo Postal Code, John clicks on Selecciona el campo Email, John clicks on Selecciona el campo Email, John clicks on Boton que nos muestra el formulario de Login], John ingresar info devices [John clicks on Selecciona el campo Email, John clicks on Selecciona el campo Email, John clicks on Selecciona el campo Email, John clicks on Selecciona el campo Email, John clicks on Selecciona el campo Email, John clicks on Selecciona el campo Email, John clicks on Selecciona el campo Email]]
[Test worker] WARN net.thucydides.core.steps.BaseStepListener - stepStarted: net.thucydides.core.steps.ExecutedStepDescription@517704
[Test worker] WARN net.thucydides.core.steps.BaseStepListener - stepFinished: current outcome:Crear un nuevo usuario:Dado que queremos acceder a la pagina [John open up [John opens the Choucair test], John login [John clicks on Selecciona el boton Join Today]], Cuando presionamos el boton registrar [John ingresar info [John enters 'John' into Selecciona el campo Name, para iniciar, John enters 'Sanchez' into Selecciona el campo Last Name, John enters 'ejemplo2022@hotmail.com' into Selecciona el campo Email, John selects December, John selects 5, John selects 1984, John clicks on Selecciona el boton Join Next despues de llenar los primeros datos], John ingresar info adress [John enters ' ' into Selecciona el campo City, John enters 'Oslo' into Selecciona el campo City, John clicks on Selecciona el campo City, John enters '000000' into Selecciona el campo Postal Code, John clicks on Selecciona el campo Email, John clicks on Selecciona el campo Email, John clicks on Boton que nos muestra el formulario de Login], John ingresar info devices [John clicks on Selecciona el campo Email, John clicks on Selecciona el campo Email, John clicks on Selecciona el campo Email, John clicks on Selecciona el campo Email, John clicks on Selecciona el campo Email, John clicks on Selecciona el campo Email, John clicks on Selecciona el campo Email, John clicks on Selecciona el campo Email]]
[Test worker] WARN net.thucydides.core.steps.BaseStepListener - stepStarted: net.thucydides.core.steps.ExecutedStepDescription@7e73c5
[Test worker] WARN net.thucydides.core.steps.BaseStepListener - stepFinished: current outcome:Crear un nuevo usuario:Dado que queremos acceder a la pagina [John open up [John opens the Choucair test], John login [John clicks on Selecciona el boton Join Today]], Cuando presionamos el boton registrar [John ingresar info [John enters 'John' into Selecciona el campo Name, para iniciar, John enters 'Sanchez' into Selecciona el campo Last Name, John enters 'ejemplo2022@hotmail.com' into Selecciona el campo Email, John selects December, John selects 5, John selects 1984, John clicks on Selecciona el boton Join Next despues de llenar los primeros datos], John ingresar info adress [John enters ' ' into Selecciona el campo City, John enters 'Oslo' into Selecciona el campo City, John clicks on Selecciona el campo City, John enters '000000' into Selecciona el campo Postal Code, John clicks on Selecciona el campo Email, John clicks on Selecciona el campo Email, John clicks on Boton que nos muestra el formulario de Login], John ingresar info devices [John clicks on Selecciona el campo Email, John clicks on Selecciona el campo Email, John clicks on Selecciona el campo Email, John clicks on Selecciona el campo Email, John clicks on Selecciona el campo Email, John clicks on Selecciona el campo Email, John clicks on Selecciona el campo Email, John clicks on Selecciona el campo Email, John clicks on Selecciona el campo Email]]
[Test worker] WARN net.thucydides.core.steps.BaseStepListener - stepStarted: net.thucydides.core.steps.ExecutedStepDescription@11be9f6
[Test worker] WARN net.thucydides.core.steps.BaseStepListener - stepFinished: current outcome:Crear un nuevo usuario:Dado que queremos acceder a la pagina [John open up [John opens the Choucair test], John login [John clicks on Selecciona el boton Join Today]], Cuando presionamos el boton registrar [John ingresar info [John enters 'John' into Selecciona el campo Name, para iniciar, John enters 'Sanchez' into Selecciona el campo Last Name, John enters 'ejemplo2022@hotmail.com' into Selecciona el campo Email, John selects December, John selects 5, John selects 1984, John clicks on Selecciona el boton Join Next despues de llenar los primeros datos], John ingresar info adress [John enters ' ' into Selecciona el campo City, John enters 'Oslo' into Selecciona el campo City, John clicks on Selecciona el campo City, John enters '000000' into Selecciona el campo Postal Code, John clicks on Selecciona el campo Email, John clicks on Selecciona el campo Email, John clicks on Boton que nos muestra el formulario de Login], John ingresar info devices [John clicks on Selecciona el campo Email, John clicks on Selecciona el campo Email, John clicks on Selecciona el campo Email, John clicks on Selecciona el campo Email, John clicks on Selecciona el campo Email, John clicks on Selecciona el campo Email, John clicks on Selecciona el campo Email, John clicks on Selecciona el campo Email, John clicks on Selecciona el campo Email, John clicks on Selecciona el campo Email]]
[Test worker] WARN net.thucydides.core.steps.BaseStepListener - stepStarted: net.thucydides.core.steps.ExecutedStepDescription@1bed7fd
[Test worker] WARN net.thucydides.core.steps.BaseStepListener - stepFinished: current outcome:Crear un nuevo usuario:Dado que queremos acceder a la pagina [John open up [John opens the Choucair test], John login [John clicks on Selecciona el boton Join Today]], Cuando presionamos el boton registrar [John ingresar info [John enters 'John' into Selecciona el campo Name, para iniciar, John enters 'Sanchez' into Selecciona el campo Last Name, John enters 'ejemplo2022@hotmail.com' into Selecciona el campo Email, John selects December, John selects 5, John selects 1984, John clicks on Selecciona el boton Join Next despues de llenar los primeros datos], John ingresar info adress [John enters ' ' into Selecciona el campo City, John enters 'Oslo' into Selecciona el campo City, John clicks on Selecciona el campo City, John enters '000000' into Selecciona el campo Postal Code, John clicks on Selecciona el campo Email, John clicks on Selecciona el campo Email, John clicks on Boton que nos muestra el formulario de Login], John ingresar info devices [John clicks on Selecciona el campo Email, John clicks on Selecciona el campo Email, John clicks on Selecciona el campo Email, John clicks on Selecciona el campo Email, John clicks on Selecciona el campo Email, John clicks on Selecciona el campo Email, John clicks on Selecciona el campo Email, John clicks on Selecciona el campo Email, John clicks on Selecciona el campo Email, John clicks on Selecciona el campo Email, John clicks on Selecciona el campo Email]]
[Test worker] WARN net.thucydides.core.steps.BaseStepListener - stepStarted: net.thucydides.core.steps.ExecutedStepDescription@15aa65b
[Test worker] WARN net.thucydides.core.steps.BaseStepListener - stepFinished: current outcome:Crear un nuevo usuario:Dado que queremos acceder a la pagina [John open up [John opens the Choucair test], John login [John clicks on Selecciona el boton Join Today]], Cuando presionamos el boton registrar [John ingresar info [John enters 'John' into Selecciona el campo Name, para iniciar, John enters 'Sanchez' into Selecciona el campo Last Name, John enters 'ejemplo2022@hotmail.com' into Selecciona el campo Email, John selects December, John selects 5, John selects 1984, John clicks on Selecciona el boton Join Next despues de llenar los primeros datos], John ingresar info adress [John enters ' ' into Selecciona el campo City, John enters 'Oslo' into Selecciona el campo City, John clicks on Selecciona el campo City, John enters '000000' into Selecciona el campo Postal Code, John clicks on Selecciona el campo Email, John clicks on Selecciona el campo Email, John clicks on Boton que nos muestra el formulario de Login], John ingresar info devices [John clicks on Selecciona el campo Email, John clicks on Selecciona el campo Email, John clicks on Selecciona el campo Email, John clicks on Selecciona el campo Email, John clicks on Selecciona el campo Email, John clicks on Selecciona el campo Email, John clicks on Selecciona el campo Email, John clicks on Selecciona el campo Email, John clicks on Selecciona el campo Email, John clicks on Selecciona el campo Email, John clicks on Selecciona el campo Email, John clicks on Selecciona el campo Email]]
[Test worker] WARN net.thucydides.core.steps.BaseStepListener - stepStarted: net.thucydides.core.steps.ExecutedStepDescription@f10d0b
[Test worker] WARN net.thucydides.core.steps.BaseStepListener - stepFinished: current outcome:Crear un nuevo usuario:Dado que queremos acceder a la pagina [John open up [John opens the Choucair test], John login [John clicks on Selecciona el boton Join Today]], Cuando presionamos el boton registrar [John ingresar info [John enters 'John' into Selecciona el campo Name, para iniciar, John enters 'Sanchez' into Selecciona el campo Last Name, John enters 'ejemplo2022@hotmail.com' into Selecciona el campo Email, John selects December, John selects 5, John selects 1984, John clicks on Selecciona el boton Join Next despues de llenar los primeros datos], John ingresar info adress [John enters ' ' into Selecciona el campo City, John enters 'Oslo' into Selecciona el campo City, John clicks on Selecciona el campo City, John enters '000000' into Selecciona el campo Postal Code, John clicks on Selecciona el campo Email, John clicks on Selecciona el campo Email, John clicks on Boton que nos muestra el formulario de Login], John ingresar info devices [John clicks on Selecciona el campo Email, John clicks on Selecciona el campo Email, John clicks on Selecciona el campo Email, John clicks on Selecciona el campo Email, John clicks on Selecciona el campo Email, John clicks on Selecciona el campo Email, John clicks on Selecciona el campo Email, John clicks on Selecciona el campo Email, John clicks on Selecciona el campo Email, John clicks on Selecciona el campo Email, John clicks on Selecciona el campo Email, John clicks on Selecciona el campo Email, John clicks on Boton que nos muestra el formulario de Login]]
[Test worker] WARN net.thucydides.core.steps.BaseStepListener - stepFinished: current outcome:Crear un nuevo usuario:Dado que queremos acceder a la pagina [John open up [John opens the Choucair test], John login [John clicks on Selecciona el boton Join Today]], Cuando presionamos el boton registrar [John ingresar info [John enters 'John' into Selecciona el campo Name, para iniciar, John enters 'Sanchez' into Selecciona el campo Last Name, John enters 'ejemplo2022@hotmail.com' into Selecciona el campo Email, John selects December, John selects 5, John selects 1984, John clicks on Selecciona el boton Join Next despues de llenar los primeros datos], John ingresar info adress [John enters ' ' into Selecciona el campo City, John enters 'Oslo' into Selecciona el campo City, John clicks on Selecciona el campo City, John enters '000000' into Selecciona el campo Postal Code, John clicks on Selecciona el campo Email, John clicks on Selecciona el campo Email, John clicks on Boton que nos muestra el formulario de Login], John ingresar info devices [John clicks on Selecciona el campo Email, John clicks on Selecciona el campo Email, John clicks on Selecciona el campo Email, John clicks on Selecciona el campo Email, John clicks on Selecciona el campo Email, John clicks on Selecciona el campo Email, John clicks on Selecciona el campo Email, John clicks on Selecciona el campo Email, John clicks on Selecciona el campo Email, John clicks on Selecciona el campo Email, John clicks on Selecciona el campo Email, John clicks on Selecciona el campo Email, John clicks on Boton que nos muestra el formulario de Login]]
[Test worker] WARN net.thucydides.core.steps.BaseStepListener - stepStarted: net.thucydides.core.steps.ExecutedStepDescription@1d25e65
[Test worker] WARN net.thucydides.core.steps.BaseStepListener - stepStarted: net.thucydides.core.steps.ExecutedStepDescription@102a984
[Test worker] WARN net.thucydides.core.steps.BaseStepListener - stepFinished: current outcome:Crear un nuevo usuario:Dado que queremos acceder a la pagina [John open up [John opens the Choucair test], John login [John clicks on Selecciona el boton Join Today]], Cuando presionamos el boton registrar [John ingresar info [John enters 'John' into Selecciona el campo Name, para iniciar, John enters 'Sanchez' into Selecciona el campo Last Name, John enters 'ejemplo2022@hotmail.com' into Selecciona el campo Email, John selects December, John selects 5, John selects 1984, John clicks on Selecciona el boton Join Next despues de llenar los primeros datos], John ingresar info adress [John enters ' ' into Selecciona el campo City, John enters 'Oslo' into Selecciona el campo City, John clicks on Selecciona el campo City, John enters '000000' into Selecciona el campo Postal Code, John clicks on Selecciona el campo Email, John clicks on Selecciona el campo Email, John clicks on Boton que nos muestra el formulario de Login], John ingresar info devices [John clicks on Selecciona el campo Email, John clicks on Selecciona el campo Email, John clicks on Selecciona el campo Email, John clicks on Selecciona el campo Email, John clicks on Selecciona el campo Email, John clicks on Selecciona el campo Email, John clicks on Selecciona el campo Email, John clicks on Selecciona el campo Email, John clicks on Selecciona el campo Email, John clicks on Selecciona el campo Email, John clicks on Selecciona el campo Email, John clicks on Selecciona el campo Email, John clicks on Boton que nos muestra el formulario de Login], John ultimos pasos [John enters '@a1B2#123456bVcX#' into Selecciona el campo Name, para iniciar]]
[Test worker] WARN net.thucydides.core.steps.BaseStepListener - stepStarted: net.thucydides.core.steps.ExecutedStepDescription@be7fec
[Test worker] WARN net.thucydides.core.steps.BaseStepListener - stepFinished: current outcome:Crear un nuevo usuario:Dado que queremos acceder a la pagina [John open up [John opens the Choucair test], John login [John clicks on Selecciona el boton Join Today]], Cuando presionamos el boton registrar [John ingresar info [John enters 'John' into Selecciona el campo Name, para iniciar, John enters 'Sanchez' into Selecciona el campo Last Name, John enters 'ejemplo2022@hotmail.com' into Selecciona el campo Email, John selects December, John selects 5, John selects 1984, John clicks on Selecciona el boton Join Next despues de llenar los primeros datos], John ingresar info adress [John enters ' ' into Selecciona el campo City, John enters 'Oslo' into Selecciona el campo City, John clicks on Selecciona el campo City, John enters '000000' into Selecciona el campo Postal Code, John clicks on Selecciona el campo Email, John clicks on Selecciona el campo Email, John clicks on Boton que nos muestra el formulario de Login], John ingresar info devices [John clicks on Selecciona el campo Email, John clicks on Selecciona el campo Email, John clicks on Selecciona el campo Email, John clicks on Selecciona el campo Email, John clicks on Selecciona el campo Email, John clicks on Selecciona el campo Email, John clicks on Selecciona el campo Email, John clicks on Selecciona el campo Email, John clicks on Selecciona el campo Email, John clicks on Selecciona el campo Email, John clicks on Selecciona el campo Email, John clicks on Selecciona el campo Email, John clicks on Boton que nos muestra el formulario de Login], John ultimos pasos [John enters '@a1B2#123456bVcX#' into Selecciona el campo Name, para iniciar, John enters '@a1B2#123456bVcX#' into Selecciona el campo Name, para iniciar]]
[Test worker] WARN net.thucydides.core.steps.BaseStepListener - stepStarted: net.thucydides.core.steps.ExecutedStepDescription@1294ddc
[Test worker] WARN net.thucydides.core.steps.BaseStepListener - stepFinished: current outcome:Crear un nuevo usuario:Dado que queremos acceder a la pagina [John open up [John opens the Choucair test], John login [John clicks on Selecciona el boton Join Today]], Cuando presionamos el boton registrar [John ingresar info [John enters 'John' into Selecciona el campo Name, para iniciar, John enters 'Sanchez' into Selecciona el campo Last Name, John enters 'ejemplo2022@hotmail.com' into Selecciona el campo Email, John selects December, John selects 5, John selects 1984, John clicks on Selecciona el boton Join Next despues de llenar los primeros datos], John ingresar info adress [John enters ' ' into Selecciona el campo City, John enters 'Oslo' into Selecciona el campo City, John clicks on Selecciona el campo City, John enters '000000' into Selecciona el campo Postal Code, John clicks on Selecciona el campo Email, John clicks on Selecciona el campo Email, John clicks on Boton que nos muestra el formulario de Login], John ingresar info devices [John clicks on Selecciona el campo Email, John clicks on Selecciona el campo Email, John clicks on Selecciona el campo Email, John clicks on Selecciona el campo Email, John clicks on Selecciona el campo Email, John clicks on Selecciona el campo Email, John clicks on Selecciona el campo Email, John clicks on Selecciona el campo Email, John clicks on Selecciona el campo Email, John clicks on Selecciona el campo Email, John clicks on Selecciona el campo Email, John clicks on Selecciona el campo Email, John clicks on Boton que nos muestra el formulario de Login], John ultimos pasos [John enters '@a1B2#123456bVcX#' into Selecciona el campo Name, para iniciar, John enters '@a1B2#123456bVcX#' into Selecciona el campo Name, para iniciar, John clicks on Boton que nos muestra el formulario de Login]]
[Test worker] WARN net.thucydides.core.steps.BaseStepListener - stepStarted: net.thucydides.core.steps.ExecutedStepDescription@7988f4
[Test worker] WARN net.thucydides.core.steps.BaseStepListener - stepFinished: current outcome:Crear un nuevo usuario:Dado que queremos acceder a la pagina [John open up [John opens the Choucair test], John login [John clicks on Selecciona el boton Join Today]], Cuando presionamos el boton registrar [John ingresar info [John enters 'John' into Selecciona el campo Name, para iniciar, John enters 'Sanchez' into Selecciona el campo Last Name, John enters 'ejemplo2022@hotmail.com' into Selecciona el campo Email, John selects December, John selects 5, John selects 1984, John clicks on Selecciona el boton Join Next despues de llenar los primeros datos], John ingresar info adress [John enters ' ' into Selecciona el campo City, John enters 'Oslo' into Selecciona el campo City, John clicks on Selecciona el campo City, John enters '000000' into Selecciona el campo Postal Code, John clicks on Selecciona el campo Email, John clicks on Selecciona el campo Email, John clicks on Boton que nos muestra el formulario de Login], John ingresar info devices [John clicks on Selecciona el campo Email, John clicks on Selecciona el campo Email, John clicks on Selecciona el campo Email, John clicks on Selecciona el campo Email, John clicks on Selecciona el campo Email, John clicks on Selecciona el campo Email, John clicks on Selecciona el campo Email, John clicks on Selecciona el campo Email, John clicks on Selecciona el campo Email, John clicks on Selecciona el campo Email, John clicks on Selecciona el campo Email, John clicks on Selecciona el campo Email, John clicks on Boton que nos muestra el formulario de Login], John ultimos pasos [John enters '@a1B2#123456bVcX#' into Selecciona el campo Name, para iniciar, John enters '@a1B2#123456bVcX#' into Selecciona el campo Name, para iniciar, John clicks on Boton que nos muestra el formulario de Login, John clicks on Selecciona el campo Email]]
[Test worker] WARN net.thucydides.core.steps.BaseStepListener - stepStarted: net.thucydides.core.steps.ExecutedStepDescription@ae8f27
[Test worker] WARN net.thucydides.core.steps.BaseStepListener - stepFinished: current outcome:Crear un nuevo usuario:Dado que queremos acceder a la pagina [John open up [John opens the Choucair test], John login [John clicks on Selecciona el boton Join Today]], Cuando presionamos el boton registrar [John ingresar info [John enters 'John' into Selecciona el campo Name, para iniciar, John enters 'Sanchez' into Selecciona el campo Last Name, John enters 'ejemplo2022@hotmail.com' into Selecciona el campo Email, John selects December, John selects 5, John selects 1984, John clicks on Selecciona el boton Join Next despues de llenar los primeros datos], John ingresar info adress [John enters ' ' into Selecciona el campo City, John enters 'Oslo' into Selecciona el campo City, John clicks on Selecciona el campo City, John enters '000000' into Selecciona el campo Postal Code, John clicks on Selecciona el campo Email, John clicks on Selecciona el campo Email, John clicks on Boton que nos muestra el formulario de Login], John ingresar info devices [John clicks on Selecciona el campo Email, John clicks on Selecciona el campo Email, John clicks on Selecciona el campo Email, John clicks on Selecciona el campo Email, John clicks on Selecciona el campo Email, John clicks on Selecciona el campo Email, John clicks on Selecciona el campo Email, John clicks on Selecciona el campo Email, John clicks on Selecciona el campo Email, John clicks on Selecciona el campo Email, John clicks on Selecciona el campo Email, John clicks on Selecciona el campo Email, John clicks on Boton que nos muestra el formulario de Login], John ultimos pasos [John enters '@a1B2#123456bVcX#' into Selecciona el campo Name, para iniciar, John enters '@a1B2#123456bVcX#' into Selecciona el campo Name, para iniciar, John clicks on Boton que nos muestra el formulario de Login, John clicks on Selecciona el campo Email, John clicks on Selecciona el campo Email]]
[Test worker] WARN net.thucydides.core.steps.BaseStepListener - stepStarted: net.thucydides.core.steps.ExecutedStepDescription@ee882c
[Test worker] WARN net.thucydides.core.steps.BaseStepListener - stepFinished: current outcome:Crear un nuevo usuario:Dado que queremos acceder a la pagina [John open up [John opens the Choucair test], John login [John clicks on Selecciona el boton Join Today]], Cuando presionamos el boton registrar [John ingresar info [John enters 'John' into Selecciona el campo Name, para iniciar, John enters 'Sanchez' into Selecciona el campo Last Name, John enters 'ejemplo2022@hotmail.com' into Selecciona el campo Email, John selects December, John selects 5, John selects 1984, John clicks on Selecciona el boton Join Next despues de llenar los primeros datos], John ingresar info adress [John enters ' ' into Selecciona el campo City, John enters 'Oslo' into Selecciona el campo City, John clicks on Selecciona el campo City, John enters '000000' into Selecciona el campo Postal Code, John clicks on Selecciona el campo Email, John clicks on Selecciona el campo Email, John clicks on Boton que nos muestra el formulario de Login], John ingresar info devices [John clicks on Selecciona el campo Email, John clicks on Selecciona el campo Email, John clicks on Selecciona el campo Email, John clicks on Selecciona el campo Email, John clicks on Selecciona el campo Email, John clicks on Selecciona el campo Email, John clicks on Selecciona el campo Email, John clicks on Selecciona el campo Email, John clicks on Selecciona el campo Email, John clicks on Selecciona el campo Email, John clicks on Selecciona el campo Email, John clicks on Selecciona el campo Email, John clicks on Boton que nos muestra el formulario de Login], John ultimos pasos [John enters '@a1B2#123456bVcX#' into Selecciona el campo Name, para iniciar, John enters '@a1B2#123456bVcX#' into Selecciona el campo Name, para iniciar, John clicks on Boton que nos muestra el formulario de Login, John clicks on Selecciona el campo Email, John clicks on Selecciona el campo Email, John clicks on Boton que nos muestra el formulario de Login]]
[Test worker] WARN net.thucydides.core.steps.BaseStepListener - stepFinished: current outcome:Crear un nuevo usuario:Dado que queremos acceder a la pagina [John open up [John opens the Choucair test], John login [John clicks on Selecciona el boton Join Today]], Cuando presionamos el boton registrar [John ingresar info [John enters 'John' into Selecciona el campo Name, para iniciar, John enters 'Sanchez' into Selecciona el campo Last Name, John enters 'ejemplo2022@hotmail.com' into Selecciona el campo Email, John selects December, John selects 5, John selects 1984, John clicks on Selecciona el boton Join Next despues de llenar los primeros datos], John ingresar info adress [John enters ' ' into Selecciona el campo City, John enters 'Oslo' into Selecciona el campo City, John clicks on Selecciona el campo City, John enters '000000' into Selecciona el campo Postal Code, John clicks on Selecciona el campo Email, John clicks on Selecciona el campo Email, John clicks on Boton que nos muestra el formulario de Login], John ingresar info devices [John clicks on Selecciona el campo Email, John clicks on Selecciona el campo Email, John clicks on Selecciona el campo Email, John clicks on Selecciona el campo Email, John clicks on Selecciona el campo Email, John clicks on Selecciona el campo Email, John clicks on Selecciona el campo Email, John clicks on Selecciona el campo Email, John clicks on Selecciona el campo Email, John clicks on Selecciona el campo Email, John clicks on Selecciona el campo Email, John clicks on Selecciona el campo Email, John clicks on Boton que nos muestra el formulario de Login], John ultimos pasos [John enters '@a1B2#123456bVcX#' into Selecciona el campo Name, para iniciar, John enters '@a1B2#123456bVcX#' into Selecciona el campo Name, para iniciar, John clicks on Boton que nos muestra el formulario de Login, John clicks on Selecciona el campo Email, John clicks on Selecciona el campo Email, John clicks on Boton que nos muestra el formulario de Login]]
[Test worker] WARN net.thucydides.core.steps.BaseStepListener - stepFinished: current outcome:Crear un nuevo usuario:Dado que queremos acceder a la pagina [John open up [John opens the Choucair test], John login [John clicks on Selecciona el boton Join Today]], Cuando presionamos el boton registrar [John ingresar info [John enters 'John' into Selecciona el campo Name, para iniciar, John enters 'Sanchez' into Selecciona el campo Last Name, John enters 'ejemplo2022@hotmail.com' into Selecciona el campo Email, John selects December, John selects 5, John selects 1984, John clicks on Selecciona el boton Join Next despues de llenar los primeros datos], John ingresar info adress [John enters ' ' into Selecciona el campo City, John enters 'Oslo' into Selecciona el campo City, John clicks on Selecciona el campo City, John enters '000000' into Selecciona el campo Postal Code, John clicks on Selecciona el campo Email, John clicks on Selecciona el campo Email, John clicks on Boton que nos muestra el formulario de Login], John ingresar info devices [John clicks on Selecciona el campo Email, John clicks on Selecciona el campo Email, John clicks on Selecciona el campo Email, John clicks on Selecciona el campo Email, John clicks on Selecciona el campo Email, John clicks on Selecciona el campo Email, John clicks on Selecciona el campo Email, John clicks on Selecciona el campo Email, John clicks on Selecciona el campo Email, John clicks on Selecciona el campo Email, John clicks on Selecciona el campo Email, John clicks on Selecciona el campo Email, John clicks on Boton que nos muestra el formulario de Login], John ultimos pasos [John enters '@a1B2#123456bVcX#' into Selecciona el campo Name, para iniciar, John enters '@a1B2#123456bVcX#' into Selecciona el campo Name, para iniciar, John clicks on Boton que nos muestra el formulario de Login, John clicks on Selecciona el campo Email, John clicks on Selecciona el campo Email, John clicks on Boton que nos muestra el formulario de Login]]
[Test worker] WARN net.thucydides.core.steps.BaseStepListener - stepStarted: net.thucydides.core.steps.ExecutedStepDescription@1296b50
[Test worker] INFO net.thucydides.core.steps.ConsoleLoggingListener - TEST PENDING
[Test worker] WARN net.thucydides.core.steps.BaseStepListener - testFinished: Crear un nuevo usuario:Dado que queremos acceder a la pagina [John open up [John opens the Choucair test], John login [John clicks on Selecciona el boton Join Today]], Cuando presionamos el boton registrar [John ingresar info [John enters 'John' into Selecciona el campo Name, para iniciar, John enters 'Sanchez' into Selecciona el campo Last Name, John enters 'ejemplo2022@hotmail.com' into Selecciona el campo Email, John selects December, John selects 5, John selects 1984, John clicks on Selecciona el boton Join Next despues de llenar los primeros datos], John ingresar info adress [John enters ' ' into Selecciona el campo City, John enters 'Oslo' into Selecciona el campo City, John clicks on Selecciona el campo City, John enters '000000' into Selecciona el campo Postal Code, John clicks on Selecciona el campo Email, John clicks on Selecciona el campo Email, John clicks on Boton que nos muestra el formulario de Login], John ingresar info devices [John clicks on Selecciona el campo Email, John clicks on Selecciona el campo Email, John clicks on Selecciona el campo Email, John clicks on Selecciona el campo Email, John clicks on Selecciona el campo Email, John clicks on Selecciona el campo Email, John clicks on Selecciona el campo Email, John clicks on Selecciona el campo Email, John clicks on Selecciona el campo Email, John clicks on Selecciona el campo Email, John clicks on Selecciona el campo Email, John clicks on Selecciona el campo Email, John clicks on Boton que nos muestra el formulario de Login], John ultimos pasos [John enters '@a1B2#123456bVcX#' into Selecciona el campo Name, para iniciar, John enters '@a1B2#123456bVcX#' into Selecciona el campo Name, para iniciar, John clicks on Boton que nos muestra el formulario de Login, John clicks on Selecciona el campo Email, John clicks on Selecciona el campo Email, John clicks on Boton que nos muestra el formulario de Login]], Entonces quedamos logueados correctamente y con una cuenta creada
[Test worker] WARN net.thucydides.core.steps.BaseStepListener - TestOutcomes: [Crear un nuevo usuario:Dado que queremos acceder a la pagina [John open up [John opens the Choucair test], John login [John clicks on Selecciona el boton Join Today]], Cuando presionamos el boton registrar [John ingresar info [John enters 'John' into Selecciona el campo Name, para iniciar, John enters 'Sanchez' into Selecciona el campo Last Name, John enters 'ejemplo2022@hotmail.com' into Selecciona el campo Email, John selects December, John selects 5, John selects 1984, John clicks on Selecciona el boton Join Next despues de llenar los primeros datos], John ingresar info adress [John enters ' ' into Selecciona el campo City, John enters 'Oslo' into Selecciona el campo City, John clicks on Selecciona el campo City, John enters '000000' into Selecciona el campo Postal Code, John clicks on Selecciona el campo Email, John clicks on Selecciona el campo Email, John clicks on Boton que nos muestra el formulario de Login], John ingresar info devices [John clicks on Selecciona el campo Email, John clicks on Selecciona el campo Email, John clicks on Selecciona el campo Email, John clicks on Selecciona el campo Email, John clicks on Selecciona el campo Email, John clicks on Selecciona el campo Email, John clicks on Selecciona el campo Email, John clicks on Selecciona el campo Email, John clicks on Selecciona el campo Email, John clicks on Selecciona el campo Email, John clicks on Selecciona el campo Email, John clicks on Selecciona el campo Email, John clicks on Boton que nos muestra el formulario de Login], John ultimos pasos [John enters '@a1B2#123456bVcX#' into Selecciona el campo Name, para iniciar, John enters '@a1B2#123456bVcX#' into Selecciona el campo Name, para iniciar, John clicks on Boton que nos muestra el formulario de Login, John clicks on Selecciona el campo Email, John clicks on Selecciona el campo Email, John clicks on Boton que nos muestra el formulario de Login]], Entonces quedamos logueados correctamente y con una cuenta creada]
[Test worker] WARN net.thucydides.core.steps.BaseStepListener - Final testOutcomes: [Crear un nuevo usuario:Dado que queremos acceder a la pagina [John open up [John opens the Choucair test], John login [John clicks on Selecciona el boton Join Today]], Cuando presionamos el boton registrar [John ingresar info [John enters 'John' into Selecciona el campo Name, para iniciar, John enters 'Sanchez' into Selecciona el campo Last Name, John enters 'ejemplo2022@hotmail.com' into Selecciona el campo Email, John selects December, John selects 5, John selects 1984, John clicks on Selecciona el boton Join Next despues de llenar los primeros datos], John ingresar info adress [John enters ' ' into Selecciona el campo City, John enters 'Oslo' into Selecciona el campo City, John clicks on Selecciona el campo City, John enters '000000' into Selecciona el campo Postal Code, John clicks on Selecciona el campo Email, John clicks on Selecciona el campo Email, John clicks on Boton que nos muestra el formulario de Login], John ingresar info devices [John clicks on Selecciona el campo Email, John clicks on Selecciona el campo Email, John clicks on Selecciona el campo Email, John clicks on Selecciona el campo Email, John clicks on Selecciona el campo Email, John clicks on Selecciona el campo Email, John clicks on Selecciona el campo Email, John clicks on Selecciona el campo Email, John clicks on Selecciona el campo Email, John clicks on Selecciona el campo Email, John clicks on Selecciona el campo Email, John clicks on Selecciona el campo Email, John clicks on Boton que nos muestra el formulario de Login], John ultimos pasos [John enters '@a1B2#123456bVcX#' into Selecciona el campo Name, para iniciar, John enters '@a1B2#123456bVcX#' into Selecciona el campo Name, para iniciar, John clicks on Boton que nos muestra el formulario de Login, John clicks on Selecciona el campo Email, John clicks on Selecciona el campo Email, John clicks on Boton que nos muestra el formulario de Login]], Entonces quedamos logueados correctamente y con una cuenta creada]
[Test worker] INFO net.thucydides.core.steps.ConsoleLoggingListener - 
          __  _____ _____ ____ _____   ____  _____ _   _ ____ ___ _   _  ____ 
 _       / / |_   _| ____/ ___|_   _| |  _ \| ____| \ | |  _ \_ _| \ | |/ ___|
(_)____ / /    | | |  _| \___ \ | |   | |_) |  _| |  \| | | | | ||  \| | |  _ 
 |_____/ /     | | | |___ ___) || |   |  __/| |___| |\  | |_| | || |\  | |_| |
(_)   /_/      |_| |_____|____/ |_|   |_|   |_____|_| \_|____/___|_| \_|\____|
                                                                                

TEST PENDING: Crear un nuevo usuario
---------------------------------------------------------------------------------
]]></system-err>
</testsuite>
